<?xml version="1.0" encoding="UTF-8"?>
<!-- Generated by org.testng.reporters.JUnitReportReporter -->
<testsuite hostname="LAPTOP-DB54UFPV" failures="0" tests="1" name="TestLayer.LoginPageTest" time="0.418" errors="0" timestamp="2024-06-20T15:47:17 IST" skipped="0">
  <testcase classname="TestLayer.LoginPageTest" name="loginFunctionality" time="0.418"/>
  <system-out/>
</testsuite> <!-- TestLayer.LoginPageTest -->
