<?xml version="1.0" encoding="UTF-8"?>
<!-- Generated by org.testng.reporters.JUnitReportReporter -->
<testsuite hostname="LAPTOP-DB54UFPV" failures="0" tests="1" name="TestLayer.PersonalPageTest" time="3.614" errors="0" timestamp="2024-06-20T15:47:17 IST" skipped="0">
  <testcase classname="TestLayer.PersonalPageTest" name="validatePersonalPage" time="3.614"/>
  <system-out/>
</testsuite> <!-- TestLayer.PersonalPageTest -->
